<?xml version="1.0" encoding="UTF-8"?>
<!-- Generated by org.testng.reporters.JUnitReportReporter -->
<testsuite hostname="DESKTOP-M0HAIBI" failures="0" tests="2" name="rahulshettyacademy.tests.SubmitOrderTest" time="25.333" errors="0" timestamp="2024-08-07T19:02:44 IST" skipped="0">
  <testcase classname="rahulshettyacademy.tests.SubmitOrderTest" name="submitOrder" time="16.788"/>
  <testcase classname="rahulshettyacademy.tests.SubmitOrderTest" name="OrderHistoryTest" time="8.545"/>
</testsuite> <!-- rahulshettyacademy.tests.SubmitOrderTest -->
